<?xml version="1.0" encoding="UTF-8"?>
<!-- Generated by org.testng.reporters.JUnitReportReporter -->
<testsuite hostname="DESKTOP-KCH4APJ" failures="0" tests="64" name="runner.TestNGRunner" time="1271.183" errors="0" timestamp="2024-03-13T20:05:17 EDT" skipped="0">
  <testcase classname="runner.TestNGRunner" name="runScenario" time="34.950"/>
  <system-out/>
  <testcase classname="runner.TestNGRunner" name="runScenario" time="14.549"/>
  <system-out/>
  <testcase classname="runner.TestNGRunner" name="runScenario" time="23.058"/>
  <system-out/>
  <testcase classname="runner.TestNGRunner" name="runScenario" time="22.785"/>
  <system-out/>
  <testcase classname="runner.TestNGRunner" name="runScenario" time="26.274"/>
  <system-out/>
  <testcase classname="runner.TestNGRunner" name="runScenario" time="20.063"/>
  <system-out/>
  <testcase classname="runner.TestNGRunner" name="runScenario" time="14.027"/>
  <system-out/>
  <testcase classname="runner.TestNGRunner" name="runScenario" time="16.107"/>
  <system-out/>
  <testcase classname="runner.TestNGRunner" name="runScenario" time="30.237"/>
  <system-out/>
  <testcase classname="runner.TestNGRunner" name="runScenario" time="9.811"/>
  <system-out/>
  <testcase classname="runner.TestNGRunner" name="runScenario" time="29.088"/>
  <system-out/>
  <testcase classname="runner.TestNGRunner" name="runScenario" time="14.014"/>
  <system-out/>
  <testcase classname="runner.TestNGRunner" name="runScenario" time="29.649"/>
  <system-out/>
  <testcase classname="runner.TestNGRunner" name="runScenario" time="14.637"/>
  <system-out/>
  <testcase classname="runner.TestNGRunner" name="runScenario" time="11.451"/>
  <system-out/>
  <testcase classname="runner.TestNGRunner" name="runScenario" time="32.472"/>
  <system-out/>
  <testcase classname="runner.TestNGRunner" name="runScenario" time="14.503"/>
  <system-out/>
  <testcase classname="runner.TestNGRunner" name="runScenario" time="15.037"/>
  <system-out/>
  <testcase classname="runner.TestNGRunner" name="runScenario" time="22.653"/>
  <system-out/>
  <testcase classname="runner.TestNGRunner" name="runScenario" time="15.202"/>
  <system-out/>
  <testcase classname="runner.TestNGRunner" name="runScenario" time="10.023"/>
  <system-out/>
  <testcase classname="runner.TestNGRunner" name="runScenario" time="15.590"/>
  <system-out/>
  <testcase classname="runner.TestNGRunner" name="runScenario" time="21.742"/>
  <system-out/>
  <testcase classname="runner.TestNGRunner" name="runScenario" time="14.959"/>
  <system-out/>
  <testcase classname="runner.TestNGRunner" name="runScenario" time="12.400"/>
  <system-out/>
  <testcase classname="runner.TestNGRunner" name="runScenario" time="15.965"/>
  <system-out/>
  <testcase classname="runner.TestNGRunner" name="runScenario" time="23.459"/>
  <system-out/>
  <testcase classname="runner.TestNGRunner" name="runScenario" time="19.479"/>
  <system-out/>
  <testcase classname="runner.TestNGRunner" name="runScenario" time="16.350"/>
  <system-out/>
  <testcase classname="runner.TestNGRunner" name="runScenario" time="32.084"/>
  <system-out/>
  <testcase classname="runner.TestNGRunner" name="runScenario" time="26.307"/>
  <system-out/>
  <testcase classname="runner.TestNGRunner" name="runScenario" time="27.993"/>
  <system-out/>
  <testcase classname="runner.TestNGRunner" name="runScenario" time="11.667"/>
  <system-out/>
  <testcase classname="runner.TestNGRunner" name="runScenario" time="28.418"/>
  <system-out/>
  <testcase classname="runner.TestNGRunner" name="runScenario" time="6.483"/>
  <system-out/>
  <testcase classname="runner.TestNGRunner" name="runScenario" time="15.329"/>
  <system-out/>
  <testcase classname="runner.TestNGRunner" name="runScenario" time="30.784"/>
  <system-out/>
  <testcase classname="runner.TestNGRunner" name="runScenario" time="20.249"/>
  <system-out/>
  <testcase classname="runner.TestNGRunner" name="runScenario" time="14.537"/>
  <system-out/>
  <testcase classname="runner.TestNGRunner" name="runScenario" time="10.722"/>
  <system-out/>
  <testcase classname="runner.TestNGRunner" name="runScenario" time="14.706"/>
  <system-out/>
  <testcase classname="runner.TestNGRunner" name="runScenario" time="24.951"/>
  <system-out/>
  <testcase classname="runner.TestNGRunner" name="runScenario" time="27.969"/>
  <system-out/>
  <testcase classname="runner.TestNGRunner" name="runScenario" time="10.534"/>
  <system-out/>
  <testcase classname="runner.TestNGRunner" name="runScenario" time="31.286"/>
  <system-out/>
  <testcase classname="runner.TestNGRunner" name="runScenario" time="8.299"/>
  <system-out/>
  <testcase classname="runner.TestNGRunner" name="runScenario" time="14.685"/>
  <system-out/>
  <testcase classname="runner.TestNGRunner" name="runScenario" time="19.926"/>
  <system-out/>
  <testcase classname="runner.TestNGRunner" name="runScenario" time="15.118"/>
  <system-out/>
  <testcase classname="runner.TestNGRunner" name="runScenario" time="26.459"/>
  <system-out/>
  <testcase classname="runner.TestNGRunner" name="runScenario" time="30.216"/>
  <system-out/>
  <testcase classname="runner.TestNGRunner" name="runScenario" time="12.911"/>
  <system-out/>
  <testcase classname="runner.TestNGRunner" name="runScenario" time="37.423"/>
  <system-out/>
  <testcase classname="runner.TestNGRunner" name="runScenario" time="26.925"/>
  <system-out/>
  <testcase classname="runner.TestNGRunner" name="runScenario" time="20.679"/>
  <system-out/>
  <testcase classname="runner.TestNGRunner" name="runScenario" time="29.583"/>
  <system-out/>
  <testcase classname="runner.TestNGRunner" name="runScenario" time="10.852"/>
  <system-out/>
  <testcase classname="runner.TestNGRunner" name="runScenario" time="9.218"/>
  <system-out/>
  <testcase classname="runner.TestNGRunner" name="runScenario" time="17.550"/>
  <system-out/>
  <testcase classname="runner.TestNGRunner" name="runScenario" time="12.165"/>
  <system-out/>
  <testcase classname="runner.TestNGRunner" name="runScenario" time="19.353"/>
  <system-out/>
  <testcase classname="runner.TestNGRunner" name="runScenario" time="40.088"/>
  <system-out/>
  <testcase classname="runner.TestNGRunner" name="runScenario" time="10.538"/>
  <system-out/>
  <testcase classname="runner.TestNGRunner" name="runScenario" time="14.642"/>
  <system-out/>
</testsuite> <!-- runner.TestNGRunner -->
