<?xml version="1.0" encoding="UTF-8"?>
<!-- Generated by org.testng.reporters.JUnitReportReporter -->
<testsuite hostname="prabhaasus" failures="0" tests="3" name="runner.TestNGRunner" time="15.179" errors="0" timestamp="12 Mar 2024 16:40:09 GMT" skipped="0">
  <testcase classname="runner.TestNGRunner" name="runScenario" time="4.649"/>
  <testcase classname="runner.TestNGRunner" name="runScenario" time="5.202"/>
  <testcase classname="runner.TestNGRunner" name="runScenario" time="5.328"/>
</testsuite> <!-- runner.TestNGRunner -->
