<?xml version="1.0" encoding="UTF-8"?>
<!-- Generated by org.testng.reporters.JUnitReportReporter -->
<testsuite hostname="Arul" failures="0" tests="18" name="runner.TestNGRunner" time="320.841" errors="0" timestamp="2024-03-08T21:43:59 EST" skipped="0">
  <testcase classname="runner.TestNGRunner" name="runScenario" time="15.441"/>
  <system-out/>
  <testcase classname="runner.TestNGRunner" name="runScenario" time="20.394"/>
  <system-out/>
  <testcase classname="runner.TestNGRunner" name="runScenario" time="20.774"/>
  <system-out/>
  <testcase classname="runner.TestNGRunner" name="runScenario" time="19.485"/>
  <system-out/>
  <testcase classname="runner.TestNGRunner" name="runScenario" time="16.769"/>
  <system-out/>
  <testcase classname="runner.TestNGRunner" name="runScenario" time="13.033"/>
  <system-out/>
  <testcase classname="runner.TestNGRunner" name="runScenario" time="18.807"/>
  <system-out/>
  <testcase classname="runner.TestNGRunner" name="runScenario" time="20.631"/>
  <system-out/>
  <testcase classname="runner.TestNGRunner" name="runScenario" time="20.583"/>
  <system-out/>
  <testcase classname="runner.TestNGRunner" name="runScenario" time="12.680"/>
  <system-out/>
  <testcase classname="runner.TestNGRunner" name="runScenario" time="14.452"/>
  <system-out/>
  <testcase classname="runner.TestNGRunner" name="runScenario" time="19.166"/>
  <system-out/>
  <testcase classname="runner.TestNGRunner" name="runScenario" time="14.573"/>
  <system-out/>
  <testcase classname="runner.TestNGRunner" name="runScenario" time="24.929"/>
  <system-out/>
  <testcase classname="runner.TestNGRunner" name="runScenario" time="14.924"/>
  <system-out/>
  <testcase classname="runner.TestNGRunner" name="runScenario" time="20.264"/>
  <system-out/>
  <testcase classname="runner.TestNGRunner" name="runScenario" time="19.699"/>
  <system-out/>
  <testcase classname="runner.TestNGRunner" name="runScenario" time="14.237"/>
  <system-out/>
</testsuite> <!-- runner.TestNGRunner -->
