<?xml version="1.0" encoding="UTF-8"?>
<!-- Generated by org.testng.reporters.JUnitReportReporter -->
<testsuite hostname="prabhaasus" failures="0" tests="18" name="runner.TestNGRunner" time="183.468" errors="0" timestamp="12 Mar 2024 14:03:19 GMT" skipped="0">
  <testcase classname="runner.TestNGRunner" name="runScenario" time="7.540"/>
  <testcase classname="runner.TestNGRunner" name="runScenario" time="10.254"/>
  <testcase classname="runner.TestNGRunner" name="runScenario" time="10.537"/>
  <testcase classname="runner.TestNGRunner" name="runScenario" time="9.093"/>
  <testcase classname="runner.TestNGRunner" name="runScenario" time="11.272"/>
  <testcase classname="runner.TestNGRunner" name="runScenario" time="10.036"/>
  <testcase classname="runner.TestNGRunner" name="runScenario" time="8.110"/>
  <testcase classname="runner.TestNGRunner" name="runScenario" time="10.541"/>
  <testcase classname="runner.TestNGRunner" name="runScenario" time="9.425"/>
  <testcase classname="runner.TestNGRunner" name="runScenario" time="9.212"/>
  <testcase classname="runner.TestNGRunner" name="runScenario" time="7.448"/>
  <testcase classname="runner.TestNGRunner" name="runScenario" time="10.244"/>
  <testcase classname="runner.TestNGRunner" name="runScenario" time="9.013"/>
  <testcase classname="runner.TestNGRunner" name="runScenario" time="12.356"/>
  <testcase classname="runner.TestNGRunner" name="runScenario" time="11.442"/>
  <testcase classname="runner.TestNGRunner" name="runScenario" time="16.916"/>
  <testcase classname="runner.TestNGRunner" name="runScenario" time="8.503"/>
  <testcase classname="runner.TestNGRunner" name="runScenario" time="11.526"/>
</testsuite> <!-- runner.TestNGRunner -->
