<?xml version="1.0" encoding="UTF-8"?>
<!-- Generated by org.testng.reporters.JUnitReportReporter -->
<testsuite hostname="prabhaasus" failures="0" tests="63" name="runner.TestNGRunner" time="745.390" errors="0" timestamp="13 Mar 2024 02:33:31 GMT" skipped="0">
  <testcase classname="runner.TestNGRunner" name="runScenario" time="14.920"/>
  <testcase classname="runner.TestNGRunner" name="runScenario" time="14.208"/>
  <testcase classname="runner.TestNGRunner" name="runScenario" time="10.924"/>
  <testcase classname="runner.TestNGRunner" name="runScenario" time="10.011"/>
  <testcase classname="runner.TestNGRunner" name="runScenario" time="9.630"/>
  <testcase classname="runner.TestNGRunner" name="runScenario" time="11.070"/>
  <testcase classname="runner.TestNGRunner" name="runScenario" time="14.682"/>
  <testcase classname="runner.TestNGRunner" name="runScenario" time="9.504"/>
  <testcase classname="runner.TestNGRunner" name="runScenario" time="14.513"/>
  <testcase classname="runner.TestNGRunner" name="runScenario" time="10.065"/>
  <testcase classname="runner.TestNGRunner" name="runScenario" time="11.249"/>
  <testcase classname="runner.TestNGRunner" name="runScenario" time="13.937"/>
  <testcase classname="runner.TestNGRunner" name="runScenario" time="13.607"/>
  <testcase classname="runner.TestNGRunner" name="runScenario" time="17.275"/>
  <testcase classname="runner.TestNGRunner" name="runScenario" time="10.287"/>
  <testcase classname="runner.TestNGRunner" name="runScenario" time="7.441"/>
  <testcase classname="runner.TestNGRunner" name="runScenario" time="12.183"/>
  <testcase classname="runner.TestNGRunner" name="runScenario" time="14.364"/>
  <testcase classname="runner.TestNGRunner" name="runScenario" time="9.815"/>
  <testcase classname="runner.TestNGRunner" name="runScenario" time="9.001"/>
  <testcase classname="runner.TestNGRunner" name="runScenario" time="9.918"/>
  <testcase classname="runner.TestNGRunner" name="runScenario" time="12.884"/>
  <testcase classname="runner.TestNGRunner" name="runScenario" time="14.186"/>
  <testcase classname="runner.TestNGRunner" name="runScenario" time="12.996"/>
  <testcase classname="runner.TestNGRunner" name="runScenario" time="9.229"/>
  <testcase classname="runner.TestNGRunner" name="runScenario" time="18.672"/>
  <testcase classname="runner.TestNGRunner" name="runScenario" time="12.708"/>
  <testcase classname="runner.TestNGRunner" name="runScenario" time="10.698"/>
  <testcase classname="runner.TestNGRunner" name="runScenario" time="10.071"/>
  <testcase classname="runner.TestNGRunner" name="runScenario" time="13.860"/>
  <testcase classname="runner.TestNGRunner" name="runScenario" time="9.797"/>
  <testcase classname="runner.TestNGRunner" name="runScenario" time="13.098"/>
  <testcase classname="runner.TestNGRunner" name="runScenario" time="12.120"/>
  <testcase classname="runner.TestNGRunner" name="runScenario" time="9.102"/>
  <testcase classname="runner.TestNGRunner" name="runScenario" time="12.139"/>
  <testcase classname="runner.TestNGRunner" name="runScenario" time="9.183"/>
  <testcase classname="runner.TestNGRunner" name="runScenario" time="13.309"/>
  <testcase classname="runner.TestNGRunner" name="runScenario" time="19.402"/>
  <testcase classname="runner.TestNGRunner" name="runScenario" time="14.635"/>
  <testcase classname="runner.TestNGRunner" name="runScenario" time="10.816"/>
  <testcase classname="runner.TestNGRunner" name="runScenario" time="8.662"/>
  <testcase classname="runner.TestNGRunner" name="runScenario" time="11.886"/>
  <testcase classname="runner.TestNGRunner" name="runScenario" time="10.634"/>
  <testcase classname="runner.TestNGRunner" name="runScenario" time="12.016"/>
  <testcase classname="runner.TestNGRunner" name="runScenario" time="16.739"/>
  <testcase classname="runner.TestNGRunner" name="runScenario" time="8.515"/>
  <testcase classname="runner.TestNGRunner" name="runScenario" time="9.486"/>
  <testcase classname="runner.TestNGRunner" name="runScenario" time="11.740"/>
  <testcase classname="runner.TestNGRunner" name="runScenario" time="12.092"/>
  <testcase classname="runner.TestNGRunner" name="runScenario" time="12.119"/>
  <testcase classname="runner.TestNGRunner" name="runScenario" time="10.712"/>
  <testcase classname="runner.TestNGRunner" name="runScenario" time="9.378"/>
  <testcase classname="runner.TestNGRunner" name="runScenario" time="10.816"/>
  <testcase classname="runner.TestNGRunner" name="runScenario" time="12.755"/>
  <testcase classname="runner.TestNGRunner" name="runScenario" time="10.295"/>
  <testcase classname="runner.TestNGRunner" name="runScenario" time="9.445"/>
  <testcase classname="runner.TestNGRunner" name="runScenario" time="13.661"/>
  <testcase classname="runner.TestNGRunner" name="runScenario" time="12.275"/>
  <testcase classname="runner.TestNGRunner" name="runScenario" time="12.528"/>
  <testcase classname="runner.TestNGRunner" name="runScenario" time="10.004"/>
  <testcase classname="runner.TestNGRunner" name="runScenario" time="12.727"/>
  <testcase classname="runner.TestNGRunner" name="runScenario" time="8.290"/>
  <testcase classname="runner.TestNGRunner" name="runScenario" time="11.106"/>
</testsuite> <!-- runner.TestNGRunner -->
